
> parsing-html@1.0.0 statistics C:\Users\zhi\Desktop\NodeJS\parsing-html-sequelize-and-migrations-V2\parsing-html-sequelize-and-migrations
> node ./statistics/commands "filter" "hdd" "eq" "32GB"

Executing (default): SELECT `Brand`.`id`, `Brand`.`laptop`, `Brand`.`brand`, `Brand`.`model`, `Brand`.`url`, `Brand`.`providerId`, `Brand`.`createdAt`, `Brand`.`updatedAt`, `Brand`.`ProviderId`, `Specification`.`id` AS `Specification.id`, `Specification`.`processor` AS `Specification.processor`, `Specification`.`ram` AS `Specification.ram`, `Specification`.`video` AS `Specification.video`, `Specification`.`hdd` AS `Specification.hdd`, `Specification`.`display` AS `Specification.display`, `Specification`.`battery` AS `Specification.battery`, `Specification`.`weight` AS `Specification.weight`, `Specification`.`price` AS `Specification.price`, `Specification`.`brandId` AS `Specification.brandId`, `Specification`.`createdAt` AS `Specification.createdAt`, `Specification`.`updatedAt` AS `Specification.updatedAt`, `Specification`.`BrandId` AS `Specification.BrandId` FROM `Brands` AS `Brand` INNER JOIN `Specifications` AS `Specification` ON `Brand`.`id` = `Specification`.`BrandId` AND `Specification`.`hdd` = '32GB';
{ id: 1617,
  laptop: 'NOTEBOOK',
  brand: 'ACER',
  model: 'ASPIRE ES1-132',
  url: 'https://laptop.bg/laptops-acer-Aspire_ES1_132-acer_aspire_es1132_NXGHLEX003',
  providerId: 1,
  createdAt: 2018-03-11T13:20:28.000Z,
  updatedAt: 2018-03-11T13:20:28.000Z,
  ProviderId: 1,
  Specification: 
   { id: 1598,
     processor: 'INTEL CELERON N3450',
     ram: '2GB',
     video: 'INTEL HD GRAPHICS',
     hdd: '32GB',
     display: '11.60',
     battery: '3 CELL',
     weight: '1,25KG',
     price: 479,
     brandId: 1617,
     createdAt: 2018-03-11T13:20:30.000Z,
     updatedAt: 2018-03-11T13:20:30.000Z,
     BrandId: 1617 } }
{ id: 1618,
  laptop: 'NOTEBOOK',
  brand: 'ACER',
  model: 'ASPIRE ES1-132',
  url: 'https://laptop.bg/laptops-acer-Aspire_ES1_132-acer_aspire_es1132_NXGHKEX004',
  providerId: 1,
  createdAt: 2018-03-11T13:20:28.000Z,
  updatedAt: 2018-03-11T13:20:28.000Z,
  ProviderId: 1,
  Specification: 
   { id: 1599,
     processor: 'INTEL CELERON N3450',
     ram: '2GB',
     video: 'INTEL HD GRAPHICS',
     hdd: '32GB',
     display: '11.60',
     battery: '3 CELL',
     weight: '1,25KG',
     price: 479,
     brandId: 1618,
     createdAt: 2018-03-11T13:20:30.000Z,
     updatedAt: 2018-03-11T13:20:30.000Z,
     BrandId: 1618 } }
{ id: 2683,
  laptop: 'NOTEBOOK',
  brand: 'ACER',
  model: 'ASPIRE 1',
  url: 'https://laptop.bg/laptops-acer-Aspire_1-cer_aspire_1_NXGQAEX008',
  providerId: 1,
  createdAt: 2018-03-11T14:33:13.000Z,
  updatedAt: 2018-03-11T14:33:13.000Z,
  ProviderId: 1,
  Specification: 
   { id: 2645,
     processor: 'INTEL CELERON N3350',
     ram: null,
     video: 'INTEL HD GRAPHICS',
     hdd: '32GB',
     display: '14.00',
     battery: '2 CELL',
     weight: '1,65KG',
     price: 499,
     brandId: 2683,
     createdAt: 2018-03-11T14:33:19.000Z,
     updatedAt: 2018-03-11T14:33:19.000Z,
     BrandId: 2683 } }
{ id: 2684,
  laptop: 'NOTEBOOK',
  brand: 'ACER',
  model: 'ASPIRE 1',
  url: 'https://laptop.bg/laptops-acer-Aspire_1-cer_aspire_1_NXSHXEX026',
  providerId: 1,
  createdAt: 2018-03-11T14:33:13.000Z,
  updatedAt: 2018-03-11T14:33:13.000Z,
  ProviderId: 1,
  Specification: 
   { id: 2646,
     processor: 'INTEL CELERON N3350',
     ram: null,
     video: 'INTEL HD GRAPHICS',
     hdd: '32GB',
     display: '14.00',
     battery: '2 CELL',
     weight: '1,65KG',
     price: 499,
     brandId: 2684,
     createdAt: 2018-03-11T14:33:19.000Z,
     updatedAt: 2018-03-11T14:33:19.000Z,
     BrandId: 2684 } }
{ id: 2686,
  laptop: 'NOTEBOOK',
  brand: 'LENOVO',
  model: 'IDEAPAD 100S',
  url: 'https://laptop.bg/laptops-lenovo-IdeaPad_100s-lenovo_ideapad_100s_80R900NKBM',
  providerId: 1,
  createdAt: 2018-03-11T14:33:13.000Z,
  updatedAt: 2018-03-11T14:33:13.000Z,
  ProviderId: 1,
  Specification: 
   { id: 2648,
     processor: 'INTEL CELERON N3060',
     ram: null,
     video: 'INTEL HD GRAPHICS',
     hdd: '32GB',
     display: '14.00',
     battery: '4 CELL',
     weight: '1,50KG',
     price: 469,
     brandId: 2686,
     createdAt: 2018-03-11T14:33:19.000Z,
     updatedAt: 2018-03-11T14:33:19.000Z,
     BrandId: 2686 } }
{ id: 2694,
  laptop: 'NOTEBOOK',
  brand: 'PRESTIGIO',
  model: 'SMARTBOOK 133S',
  url: 'https://laptop.bg/laptops-prestigio-Smartbook_133S-prestigio_smartbook_133s',
  providerId: 1,
  createdAt: 2018-03-11T14:33:13.000Z,
  updatedAt: 2018-03-11T14:33:13.000Z,
  ProviderId: 1,
  Specification: 
   { id: 2656,
     processor: 'INTEL CELERON N3350',
     ram: null,
     video: 'INTEL HD GRAPHICS',
     hdd: '32GB',
     display: '13.30',
     battery: null,
     weight: null,
     price: 609,
     brandId: 2694,
     createdAt: 2018-03-11T14:33:19.000Z,
     updatedAt: 2018-03-11T14:33:19.000Z,
     BrandId: 2694 } }
{ id: 2703,
  laptop: 'ULTRABOOK',
  brand: 'PRESTIGIO',
  model: 'VISCONTE ECLIPTICA',
  url: 'https://laptop.bg/laptops-prestigio-Visconte_Ecliptica-prestigio_visconte_ecliptica_PNT10130CEDBUS',
  providerId: 1,
  createdAt: 2018-03-11T14:33:13.000Z,
  updatedAt: 2018-03-11T14:33:13.000Z,
  ProviderId: 1,
  Specification: 
   { id: 2665,
     processor: 'INTEL ATOM X5-Z8300',
     ram: null,
     video: 'INTEL HD GRAPHICS',
     hdd: '32GB',
     display: '13.30',
     battery: null,
     weight: '1,77KG',
     price: 549,
     brandId: 2703,
     createdAt: 2018-03-11T14:33:19.000Z,
     updatedAt: 2018-03-11T14:33:19.000Z,
     BrandId: 2703 } }
{ id: 2714,
  laptop: 'NOTEBOOK',
  brand: 'DELL',
  model: 'INSPIRON 3168',
  url: 'https://laptop.bg/laptops-dell-Inspiron_3168-dell_inspiron_3168_5397064033828',
  providerId: 1,
  createdAt: 2018-03-11T14:33:13.000Z,
  updatedAt: 2018-03-11T14:33:13.000Z,
  ProviderId: 1,
  Specification: 
   { id: 2676,
     processor: 'INTEL CELERON N3060',
     ram: null,
     video: 'INTEL HD GRAPHICS',
     hdd: '32GB',
     display: '11.60',
     battery: '2 CELL',
     weight: '1,39KG',
     price: 659,
     brandId: 2714,
     createdAt: 2018-03-11T14:33:19.000Z,
     updatedAt: 2018-03-11T14:33:19.000Z,
     BrandId: 2714 } }
{ id: 2715,
  laptop: 'NOTEBOOK',
  brand: 'DELL',
  model: 'INSPIRON 3168',
  url: 'https://laptop.bg/laptops-dell-Inspiron_3168-dell_inspiron_3168_5397064033842',
  providerId: 1,
  createdAt: 2018-03-11T14:33:13.000Z,
  updatedAt: 2018-03-11T14:33:13.000Z,
  ProviderId: 1,
  Specification: 
   { id: 2677,
     processor: 'INTEL CELERON N3060',
     ram: null,
     video: 'INTEL HD GRAPHICS',
     hdd: '32GB',
     display: '11.60',
     battery: '2 CELL',
     weight: '1,39KG',
     price: 659,
     brandId: 2715,
     createdAt: 2018-03-11T14:33:19.000Z,
     updatedAt: 2018-03-11T14:33:19.000Z,
     BrandId: 2715 } }
{ id: 2717,
  laptop: 'NOTEBOOK',
  brand: 'PRESTIGIO',
  model: 'SMARTBOOK 133S',
  url: 'https://laptop.bg/laptops-prestigio-Smartbook_133S-prestigio_smartbook_133s_PSB133S01ZFH_DB_BG',
  providerId: 1,
  createdAt: 2018-03-11T14:33:13.000Z,
  updatedAt: 2018-03-11T14:33:13.000Z,
  ProviderId: 1,
  Specification: 
   { id: 2679,
     processor: 'INTEL CELERON N3350',
     ram: null,
     video: 'INTEL HD GRAPHICS',
     hdd: '32GB',
     display: '13.30',
     battery: null,
     weight: null,
     price: 639,
     brandId: 2717,
     createdAt: 2018-03-11T14:33:19.000Z,
     updatedAt: 2018-03-11T14:33:19.000Z,
     BrandId: 2717 } }
{ id: 2718,
  laptop: 'NOTEBOOK',
  brand: 'PRESTIGIO',
  model: 'SMARTBOOK 133S',
  url: 'https://laptop.bg/laptops-prestigio-Smartbook_133S-prestigio_smartbook_133s__PSB133S01ZFH_GG_BG',
  providerId: 1,
  createdAt: 2018-03-11T14:33:13.000Z,
  updatedAt: 2018-03-11T14:33:13.000Z,
  ProviderId: 1,
  Specification: 
   { id: 2680,
     processor: 'INTEL CELERON N3350',
     ram: null,
     video: 'INTEL HD GRAPHICS',
     hdd: '32GB',
     display: '13.30',
     battery: null,
     weight: null,
     price: 639,
     brandId: 2718,
     createdAt: 2018-03-11T14:33:19.000Z,
     updatedAt: 2018-03-11T14:33:19.000Z,
     BrandId: 2718 } }
{ id: 2720,
  laptop: 'NOTEBOOK',
  brand: 'DELL',
  model: 'INSPIRON 3168',
  url: 'https://laptop.bg/laptops-dell-Inspiron_3168-dell_inspiron_3168_5397064033811',
  providerId: 1,
  createdAt: 2018-03-11T14:33:13.000Z,
  updatedAt: 2018-03-11T14:33:13.000Z,
  ProviderId: 1,
  Specification: 
   { id: 2682,
     processor: 'INTEL CELERON N3060',
     ram: null,
     video: 'INTEL HD GRAPHICS',
     hdd: '32GB',
     display: '11.60',
     battery: '2 CELL',
     weight: '1,39KG',
     price: 639,
     brandId: 2720,
     createdAt: 2018-03-11T14:33:19.000Z,
     updatedAt: 2018-03-11T14:33:19.000Z,
     BrandId: 2720 } }
{ id: 3363,
  laptop: 'NETBOOK',
  brand: 'HP',
  model: 'STREAM 14-AX000NU /Y3V09EA',
  url: 'http://www.technopolis.bg/bg/Laptops/Laptop-HP-STREAM-14-AX000NU-Y3V09EA/p/527929',
  providerId: 2,
  createdAt: 2018-03-11T14:37:40.000Z,
  updatedAt: 2018-03-11T14:37:40.000Z,
  ProviderId: 2,
  Specification: 
   { id: 3312,
     processor: 'INTEL CELERON N3060',
     ram: '4GB',
     video: 'INTEL HD GRAPHICS 400',
     hdd: '32GB',
     display: '14.00',
     battery: null,
     weight: '1.4KG',
     price: 519,
     brandId: 3363,
     createdAt: 2018-03-11T14:37:41.000Z,
     updatedAt: 2018-03-11T14:37:41.000Z,
     BrandId: 3363 } }
{ id: 3368,
  laptop: 'NETBOOK',
  brand: 'HP',
  model: 'STREAM 14-AX001NU /1NA38EA',
  url: 'http://www.technopolis.bg/bg/Laptops/Laptop-HP-STREAM-14-AX001NU-1NA38EA/p/519581',
  providerId: 2,
  createdAt: 2018-03-11T14:37:40.000Z,
  updatedAt: 2018-03-11T14:37:40.000Z,
  ProviderId: 2,
  Specification: 
   { id: 3317,
     processor: 'INTEL CELERON N3060',
     ram: '4GB',
     video: 'INTEL HD GRAPHICS 400',
     hdd: '32GB',
     display: '14.00',
     battery: null,
     weight: '1.4KG',
     price: 519,
     brandId: 3368,
     createdAt: 2018-03-11T14:37:41.000Z,
     updatedAt: 2018-03-11T14:37:41.000Z,
     BrandId: 3368 } }
{ id: 3370,
  laptop: 'NETBOOK',
  brand: 'ASUS',
  model: 'E402NA-FA021T',
  url: 'http://www.technopolis.bg/bg/Laptops/Laptop-ASUS-E402NA-FA021T/p/516658',
  providerId: 2,
  createdAt: 2018-03-11T14:37:40.000Z,
  updatedAt: 2018-03-11T14:37:40.000Z,
  ProviderId: 2,
  Specification: 
   { id: 3319,
     processor: 'INTEL CELERON N3350',
     ram: '4GB',
     video: 'INTEL HD GRAPHICS 500',
     hdd: '32GB',
     display: '14.00',
     battery: null,
     weight: '1.6KG',
     price: 509,
     brandId: 3370,
     createdAt: 2018-03-11T14:37:41.000Z,
     updatedAt: 2018-03-11T14:37:41.000Z,
     BrandId: 3370 } }
{ id: 3371,
  laptop: 'LAPTOP',
  brand: 'ASUS',
  model: 'E203NA-FD029T',
  url: 'http://www.technopolis.bg/bg/Laptops/Laptop-ASUS-E203NA-FD029T/p/516677',
  providerId: 2,
  createdAt: 2018-03-11T14:37:40.000Z,
  updatedAt: 2018-03-11T14:37:40.000Z,
  ProviderId: 2,
  Specification: 
   { id: 3320,
     processor: 'INTEL CELERON N3350',
     ram: '4GB',
     video: 'INTEL HD GRAPHICS 500',
     hdd: '32GB',
     display: '11.60',
     battery: null,
     weight: '0.9KG',
     price: 499,
     brandId: 3371,
     createdAt: 2018-03-11T14:37:41.000Z,
     updatedAt: 2018-03-11T14:37:41.000Z,
     BrandId: 3371 } }
{ id: 3372,
  laptop: 'NETBOOK',
  brand: 'LENOVO',
  model: '100S-14IBR 80R900NLBM',
  url: 'http://www.technopolis.bg/bg/Laptops/Laptop-LENOVO-100S-14IBR-80R900NLBM/p/516828',
  providerId: 2,
  createdAt: 2018-03-11T14:37:40.000Z,
  updatedAt: 2018-03-11T14:37:40.000Z,
  ProviderId: 2,
  Specification: 
   { id: 3321,
     processor: 'INTEL CELERON N3060 DUAL',
     ram: '4GB',
     video: 'INTEL HD GRAPHICS 400',
     hdd: '32GB',
     display: '14.00',
     battery: '2 CELL',
     weight: '1.4KG',
     price: 499,
     brandId: 3372,
     createdAt: 2018-03-11T14:37:41.000Z,
     updatedAt: 2018-03-11T14:37:41.000Z,
     BrandId: 3372 } }
{ id: 3373,
  laptop: 'NETBOOK',
  brand: 'LENOVO',
  model: '120S-14IAP 81A50067BM',
  url: 'http://www.technopolis.bg/bg/Laptops/Laptop-LENOVO-120S-14IAP-81A50067BM/p/516851',
  providerId: 2,
  createdAt: 2018-03-11T14:37:40.000Z,
  updatedAt: 2018-03-11T14:37:40.000Z,
  ProviderId: 2,
  Specification: 
   { id: 3322,
     processor: 'INTEL CELERON N3350',
     ram: '4GB',
     video: 'INTEL HD GRAPHICS 500',
     hdd: '32GB',
     display: '14.00',
     battery: '2 CELL',
     weight: '1.4KG',
     price: 495,
     brandId: 3373,
     createdAt: 2018-03-11T14:37:41.000Z,
     updatedAt: 2018-03-11T14:37:41.000Z,
     BrandId: 3373 } }
{ id: 3374,
  laptop: 'LAPTOP',
  brand: 'LENOVO',
  model: '120S-11IAP 81A400FSBM',
  url: 'http://www.technopolis.bg/bg/Laptops/Laptop-LENOVO-120S-11IAP-81A400FSBM/p/516875',
  providerId: 2,
  createdAt: 2018-03-11T14:37:40.000Z,
  updatedAt: 2018-03-11T14:37:40.000Z,
  ProviderId: 2,
  Specification: 
   { id: 3323,
     processor: 'INTEL CELERON N3350',
     ram: '4GB',
     video: 'INTEL HD GRAPHICS 500',
     hdd: '32GB',
     display: '11.60',
     battery: null,
     weight: '1.1KG',
     price: 489,
     brandId: 3374,
     createdAt: 2018-03-11T14:37:41.000Z,
     updatedAt: 2018-03-11T14:37:41.000Z,
     BrandId: 3374 } }
{ id: 3375,
  laptop: 'LAPTOP',
  brand: 'LENOVO',
  model: '120S-11IAP 81A400FQBM',
  url: 'http://www.technopolis.bg/bg/Laptops/Laptop-LENOVO-120S-11IAP-81A400FQBM/p/516874',
  providerId: 2,
  createdAt: 2018-03-11T14:37:40.000Z,
  updatedAt: 2018-03-11T14:37:40.000Z,
  ProviderId: 2,
  Specification: 
   { id: 3324,
     processor: 'INTEL CELERON N3350',
     ram: '4GB',
     video: 'INTEL HD GRAPHICS 500',
     hdd: '32GB',
     display: '11.60',
     battery: null,
     weight: '1.1KG',
     price: 489,
     brandId: 3375,
     createdAt: 2018-03-11T14:37:41.000Z,
     updatedAt: 2018-03-11T14:37:41.000Z,
     BrandId: 3375 } }
{ id: 3376,
  laptop: 'NETBOOK',
  brand: 'ACER',
  model: 'ASPIRE ES1-432-C3A6 /RED',
  url: 'http://www.technopolis.bg/bg/Laptops/Laptop-ACER-ASPIRE-ES1-432-C3A6-RED/p/518207',
  providerId: 2,
  createdAt: 2018-03-11T14:37:40.000Z,
  updatedAt: 2018-03-11T14:37:40.000Z,
  ProviderId: 2,
  Specification: 
   { id: 3325,
     processor: 'INTEL CELERON N3350 DUAL',
     ram: '4GB',
     video: 'INTEL HD GRAPHICS 500',
     hdd: '32GB',
     display: '14.00',
     battery: null,
     weight: '1.9KG',
     price: 479,
     brandId: 3376,
     createdAt: 2018-03-11T14:37:41.000Z,
     updatedAt: 2018-03-11T14:37:41.000Z,
     BrandId: 3376 } }
{ id: 3377,
  laptop: 'NETBOOK',
  brand: 'ACER',
  model: 'ASPIRE ES1-432-C42P /BK',
  url: 'http://www.technopolis.bg/bg/Laptops/Laptop-ACER-ASPIRE-ES1-432-C42P-BK/p/518176',
  providerId: 2,
  createdAt: 2018-03-11T14:37:40.000Z,
  updatedAt: 2018-03-11T14:37:40.000Z,
  ProviderId: 2,
  Specification: 
   { id: 3326,
     processor: 'INTEL CELERON N3350 DUAL',
     ram: '4GB',
     video: 'INTEL HD GRAPHICS 500',
     hdd: '32GB',
     display: '14.00',
     battery: '4 CELL',
     weight: '1.7KG',
     price: 479,
     brandId: 3377,
     createdAt: 2018-03-11T14:37:41.000Z,
     updatedAt: 2018-03-11T14:37:41.000Z,
     BrandId: 3377 } }
{ id: 3378,
  laptop: 'LAPTOP',
  brand: 'ACER',
  model: 'ASPIRE 1 A114-31-C79E /BLUE',
  url: 'http://www.technopolis.bg/bg/Laptops/Laptop-ACER-ASPIRE-1-A114-31-C79E-BLUE/p/518232',
  providerId: 2,
  createdAt: 2018-03-11T14:37:40.000Z,
  updatedAt: 2018-03-11T14:37:40.000Z,
  ProviderId: 2,
  Specification: 
   { id: 3327,
     processor: 'INTEL CELERON N3450',
     ram: '4GB',
     video: 'INTEL HD GRAPHICS 500',
     hdd: '32GB',
     display: '14.00',
     battery: '2 CELL',
     weight: '1.6KG',
     price: 469,
     brandId: 3378,
     createdAt: 2018-03-11T14:37:41.000Z,
     updatedAt: 2018-03-11T14:37:41.000Z,
     BrandId: 3378 } }
{ id: 3379,
  laptop: 'LAPTOP',
  brand: 'ACER',
  model: 'ASPIRE 1 A114-31-C4HM /RED',
  url: 'http://www.technopolis.bg/bg/Laptops/Laptop-ACER-ASPIRE-1-A114-31-C4HM-RED/p/518231',
  providerId: 2,
  createdAt: 2018-03-11T14:37:40.000Z,
  updatedAt: 2018-03-11T14:37:40.000Z,
  ProviderId: 2,
  Specification: 
   { id: 3328,
     processor: 'INTEL CELERON N3450',
     ram: '4GB',
     video: 'INTEL HD GRAPHICS 500',
     hdd: '32GB',
     display: '14.00',
     battery: '2 CELL',
     weight: '1.6KG',
     price: 469,
     brandId: 3379,
     createdAt: 2018-03-11T14:37:41.000Z,
     updatedAt: 2018-03-11T14:37:41.000Z,
     BrandId: 3379 } }
{ id: 3380,
  laptop: 'LAPTOP',
  brand: 'ACER',
  model: 'ASPIRE 1 A114-31-C7LL /BK',
  url: 'http://www.technopolis.bg/bg/Laptops/Laptop-ACER-ASPIRE-1-A114-31-C7LL-BK/p/518230',
  providerId: 2,
  createdAt: 2018-03-11T14:37:40.000Z,
  updatedAt: 2018-03-11T14:37:40.000Z,
  ProviderId: 2,
  Specification: 
   { id: 3329,
     processor: 'INTEL CELERON N3450',
     ram: '4GB',
     video: 'INTEL HD GRAPHICS 500',
     hdd: '32GB',
     display: '14.00',
     battery: '2 CELL',
     weight: '1.6KG',
     price: 469,
     brandId: 3380,
     createdAt: 2018-03-11T14:37:41.000Z,
     updatedAt: 2018-03-11T14:37:41.000Z,
     BrandId: 3380 } }
{ id: 3381,
  laptop: 'NETBOOK',
  brand: 'ASUS',
  model: 'E200HA-FD0077T',
  url: 'http://www.technopolis.bg/bg/Laptops/Laptop-ASUS-E200HA-FD0077T/p/516639',
  providerId: 2,
  createdAt: 2018-03-11T14:37:40.000Z,
  updatedAt: 2018-03-11T14:37:40.000Z,
  ProviderId: 2,
  Specification: 
   { id: 3330,
     processor: 'INTEL ATOM x5-Z8350 QUAD',
     ram: '4GB',
     video: 'INTEL HD GRAPHICS',
     hdd: '32GB',
     display: '11.60',
     battery: null,
     weight: '0.9KG',
     price: 459,
     brandId: 3381,
     createdAt: 2018-03-11T14:37:41.000Z,
     updatedAt: 2018-03-11T14:37:41.000Z,
     BrandId: 3381 } }
{ id: 3383,
  laptop: 'NETBOOK',
  brand: 'ACER',
  model: 'ASPIRE ES1-132-C81F /RED',
  url: 'http://www.technopolis.bg/bg/Laptops/Laptop-ACER-ASPIRE-ES1-132-C81F-RED/p/518211',
  providerId: 2,
  createdAt: 2018-03-11T14:37:40.000Z,
  updatedAt: 2018-03-11T14:37:40.000Z,
  ProviderId: 2,
  Specification: 
   { id: 3332,
     processor: 'INTEL CELERON N3450',
     ram: '2GB',
     video: 'INTEL HD GRAPHICS 500',
     hdd: '32GB',
     display: '11.60',
     battery: null,
     weight: '1.2KG',
     price: 399,
     brandId: 3383,
     createdAt: 2018-03-11T14:37:41.000Z,
     updatedAt: 2018-03-11T14:37:41.000Z,
     BrandId: 3383 } }
{ id: 3392,
  laptop: 'NETBOOK',
  brand: 'ASUS',
  model: 'E403NA-GA002T',
  url: 'http://www.technopolis.bg/bg/Laptops/Laptop-ASUS-E403NA-GA002T/p/516649',
  providerId: 2,
  createdAt: 2018-03-11T14:37:40.000Z,
  updatedAt: 2018-03-11T14:37:40.000Z,
  ProviderId: 2,
  Specification: 
   { id: 3341,
     processor: 'INTEL CELERON N3350',
     ram: '4GB',
     video: 'INTEL HD GRAPHICS 500',
     hdd: '32GB',
     display: '14.00',
     battery: null,
     weight: '1.5KG',
     price: 569,
     brandId: 3392,
     createdAt: 2018-03-11T14:37:41.000Z,
     updatedAt: 2018-03-11T14:37:41.000Z,
     BrandId: 3392 } }
{ id: 3396,
  laptop: 'NETBOOK',
  brand: 'LENOVO',
  model: '120S-14IAP 81A50069BM',
  url: 'http://www.technopolis.bg/bg/Laptops/Laptop-LENOVO-120S-14IAP-81A50069BM/p/516852',
  providerId: 2,
  createdAt: 2018-03-11T14:37:40.000Z,
  updatedAt: 2018-03-11T14:37:40.000Z,
  ProviderId: 2,
  Specification: 
   { id: 3345,
     processor: 'INTEL PENTIUM N4200',
     ram: '4GB',
     video: 'INTEL HD GRAPHICS 505',
     hdd: '32GB',
     display: '14.00',
     battery: '2 CELL',
     weight: '1.4KG',
     price: 559,
     brandId: 3396,
     createdAt: 2018-03-11T14:37:41.000Z,
     updatedAt: 2018-03-11T14:37:41.000Z,
     BrandId: 3396 } }
{ id: 3397,
  laptop: 'NETBOOK',
  brand: 'ACER',
  model: 'ASPIRE ES1-432-P858 /RED',
  url: 'http://www.technopolis.bg/bg/Laptops/Laptop-ACER-ASPIRE-ES1-432-P858-RED/p/518206',
  providerId: 2,
  createdAt: 2018-03-11T14:37:40.000Z,
  updatedAt: 2018-03-11T14:37:40.000Z,
  ProviderId: 2,
  Specification: 
   { id: 3346,
     processor: 'INTEL PENTIUM N4200',
     ram: '4GB',
     video: 'INTEL HD GRAPHICS 505',
     hdd: '32GB',
     display: '14.00',
     battery: null,
     weight: '1.9KG',
     price: 549,
     brandId: 3397,
     createdAt: 2018-03-11T14:37:41.000Z,
     updatedAt: 2018-03-11T14:37:41.000Z,
     BrandId: 3397 } }
{ id: 3398,
  laptop: 'NETBOOK',
  brand: 'ACER',
  model: 'ASPIRE ES1-432-P833 /BK',
  url: 'http://www.technopolis.bg/bg/Laptops/Laptop-ACER-ASPIRE-ES1-432-P833-BK/p/518205',
  providerId: 2,
  createdAt: 2018-03-11T14:37:40.000Z,
  updatedAt: 2018-03-11T14:37:40.000Z,
  ProviderId: 2,
  Specification: 
   { id: 3347,
     processor: 'INTEL PENTIUM N4200',
     ram: '4GB',
     video: 'INTEL HD GRAPHICS 505',
     hdd: '32GB',
     display: '14.00',
     battery: null,
     weight: '1.9KG',
     price: 549,
     brandId: 3398,
     createdAt: 2018-03-11T14:37:41.000Z,
     updatedAt: 2018-03-11T14:37:41.000Z,
     BrandId: 3398 } }
[ undefined,
  undefined,
  undefined,
  undefined,
  undefined,
  undefined,
  undefined,
  undefined,
  undefined,
  undefined,
  undefined,
  undefined,
  undefined,
  undefined,
  undefined,
  undefined,
  undefined,
  undefined,
  undefined,
  undefined,
  undefined,
  undefined,
  undefined,
  undefined,
  undefined,
  undefined,
  undefined,
  undefined,
  undefined,
  undefined,
  undefined ]
